2025-09-05 15:19:29,056 INFO Entrypoint start | OMS=paper | dry_run=True
2025-09-05 15:19:29,056 WARNING SPY: missing files: f_feat.exists()=False, f_mkt.exists()=False
2025-09-05 15:19:29,056 WARNING QQQ: missing files: f_feat.exists()=False, f_mkt.exists()=False
2025-09-05 15:19:29,057 WARNING AAPL: missing files: f_feat.exists()=False, f_mkt.exists()=False
2025-09-05 15:19:29,057 WARNING MSFT: missing files: f_feat.exists()=False, f_mkt.exists()=False
2025-09-05 15:19:29,057 WARNING NVDA: missing files: f_feat.exists()=False, f_mkt.exists()=False
2025-09-05 15:19:29,057 WARNING TSLA: missing files: f_feat.exists()=False, f_mkt.exists()=False
2025-09-05 15:19:29,057 WARNING META: missing files: f_feat.exists()=False, f_mkt.exists()=False
2025-09-05 15:19:29,058 WARNING AMZN: missing files: f_feat.exists()=False, f_mkt.exists()=False
2025-09-05 15:19:29,058 WARNING GOOGL: missing files: f_feat.exists()=False, f_mkt.exists()=False
2025-09-05 15:19:29,059 WARNING JPM: missing files: f_feat.exists()=False, f_mkt.exists()=False
2025-09-05 15:19:29,059 WARNING XOM: missing files: f_feat.exists()=False, f_mkt.exists()=False
2025-09-05 15:19:29,059 WARNING UNH: missing files: f_feat.exists()=False, f_mkt.exists()=False
2025-09-05 15:19:29,060 WARNING JNJ: missing files: f_feat.exists()=False, f_mkt.exists()=False
2025-09-05 15:19:29,060 WARNING KO: missing files: f_feat.exists()=False, f_mkt.exists()=False
2025-09-05 15:19:29,060 WARNING PFE: missing files: f_feat.exists()=False, f_mkt.exists()=False
2025-09-05 15:19:29,060 WARNING IBM: missing files: f_feat.exists()=False, f_mkt.exists()=False
2025-09-05 15:19:29,061 WARNING NFLX: missing files: f_feat.exists()=False, f_mkt.exists()=False
2025-09-05 15:19:29,061 WARNING ORCL: missing files: f_feat.exists()=False, f_mkt.exists()=False
2025-09-05 15:19:29,061 WARNING NKE: missing files: f_feat.exists()=False, f_mkt.exists()=False
2025-09-05 15:19:29,062 WARNING V: missing files: f_feat.exists()=False, f_mkt.exists()=False
2025-09-05 15:19:29,062 WARNING MA: missing files: f_feat.exists()=False, f_mkt.exists()=False
2025-09-05 15:19:29,062 WARNING DIS: missing files: f_feat.exists()=False, f_mkt.exists()=False
2025-09-05 15:19:29,063 INFO No entry signals across universe.
2025-09-05 15:19:29,063 INFO Entrypoint complete.
2025-09-05 15:23:38,845 INFO Entrypoint start | OMS=paper | dry_run=True
2025-09-05 15:23:38,846 WARNING SPY: missing files: f_feat.exists()=False, f_mkt.exists()=False
2025-09-05 15:23:38,846 WARNING QQQ: missing files: f_feat.exists()=False, f_mkt.exists()=False
2025-09-05 15:23:38,846 WARNING AAPL: missing files: f_feat.exists()=False, f_mkt.exists()=False
2025-09-05 15:23:38,847 WARNING MSFT: missing files: f_feat.exists()=False, f_mkt.exists()=False
2025-09-05 15:23:38,847 WARNING NVDA: missing files: f_feat.exists()=False, f_mkt.exists()=False
2025-09-05 15:23:38,847 WARNING TSLA: missing files: f_feat.exists()=False, f_mkt.exists()=False
2025-09-05 15:23:38,847 WARNING META: missing files: f_feat.exists()=False, f_mkt.exists()=False
2025-09-05 15:23:38,847 WARNING AMZN: missing files: f_feat.exists()=False, f_mkt.exists()=False
2025-09-05 15:23:38,848 WARNING GOOGL: missing files: f_feat.exists()=False, f_mkt.exists()=False
2025-09-05 15:23:38,848 WARNING JPM: missing files: f_feat.exists()=False, f_mkt.exists()=False
2025-09-05 15:23:38,848 WARNING XOM: missing files: f_feat.exists()=False, f_mkt.exists()=False
2025-09-05 15:23:38,848 WARNING UNH: missing files: f_feat.exists()=False, f_mkt.exists()=False
2025-09-05 15:23:38,849 WARNING JNJ: missing files: f_feat.exists()=False, f_mkt.exists()=False
2025-09-05 15:23:38,849 WARNING KO: missing files: f_feat.exists()=False, f_mkt.exists()=False
2025-09-05 15:23:38,849 WARNING PFE: missing files: f_feat.exists()=False, f_mkt.exists()=False
2025-09-05 15:23:38,849 WARNING IBM: missing files: f_feat.exists()=False, f_mkt.exists()=False
2025-09-05 15:23:38,849 WARNING NFLX: missing files: f_feat.exists()=False, f_mkt.exists()=False
2025-09-05 15:23:38,850 WARNING ORCL: missing files: f_feat.exists()=False, f_mkt.exists()=False
2025-09-05 15:23:38,850 WARNING NKE: missing files: f_feat.exists()=False, f_mkt.exists()=False
2025-09-05 15:23:38,850 WARNING V: missing files: f_feat.exists()=False, f_mkt.exists()=False
2025-09-05 15:23:38,850 WARNING MA: missing files: f_feat.exists()=False, f_mkt.exists()=False
2025-09-05 15:23:38,851 WARNING DIS: missing files: f_feat.exists()=False, f_mkt.exists()=False
2025-09-05 15:23:38,851 INFO No entry signals across universe.
2025-09-05 15:23:38,851 INFO Entrypoint complete.
2025-09-05 15:29:51,470 INFO Entrypoint start | OMS=om | dry_run=True
2025-09-05 15:29:51,471 WARNING SPY: missing files: f_feat.exists()=False, f_mkt.exists()=False
2025-09-05 15:29:51,471 WARNING QQQ: missing files: f_feat.exists()=False, f_mkt.exists()=False
2025-09-05 15:29:51,471 WARNING AAPL: missing files: f_feat.exists()=False, f_mkt.exists()=False
2025-09-05 15:29:51,471 WARNING MSFT: missing files: f_feat.exists()=False, f_mkt.exists()=False
2025-09-05 15:29:51,471 WARNING NVDA: missing files: f_feat.exists()=False, f_mkt.exists()=False
2025-09-05 15:29:51,472 WARNING TSLA: missing files: f_feat.exists()=False, f_mkt.exists()=False
2025-09-05 15:29:51,472 WARNING META: missing files: f_feat.exists()=False, f_mkt.exists()=False
2025-09-05 15:29:51,472 WARNING AMZN: missing files: f_feat.exists()=False, f_mkt.exists()=False
2025-09-05 15:29:51,472 WARNING GOOGL: missing files: f_feat.exists()=False, f_mkt.exists()=False
2025-09-05 15:29:51,472 WARNING JPM: missing files: f_feat.exists()=False, f_mkt.exists()=False
2025-09-05 15:29:51,472 WARNING XOM: missing files: f_feat.exists()=False, f_mkt.exists()=False
2025-09-05 15:29:51,473 WARNING UNH: missing files: f_feat.exists()=False, f_mkt.exists()=False
2025-09-05 15:29:51,473 WARNING JNJ: missing files: f_feat.exists()=False, f_mkt.exists()=False
2025-09-05 15:29:51,473 WARNING KO: missing files: f_feat.exists()=False, f_mkt.exists()=False
2025-09-05 15:29:51,473 WARNING PFE: missing files: f_feat.exists()=False, f_mkt.exists()=False
2025-09-05 15:29:51,474 WARNING IBM: missing files: f_feat.exists()=False, f_mkt.exists()=False
2025-09-05 15:29:51,474 WARNING NFLX: missing files: f_feat.exists()=False, f_mkt.exists()=False
2025-09-05 15:29:51,474 WARNING ORCL: missing files: f_feat.exists()=False, f_mkt.exists()=False
2025-09-05 15:29:51,474 WARNING NKE: missing files: f_feat.exists()=False, f_mkt.exists()=False
2025-09-05 15:29:51,475 WARNING V: missing files: f_feat.exists()=False, f_mkt.exists()=False
2025-09-05 15:29:51,475 WARNING MA: missing files: f_feat.exists()=False, f_mkt.exists()=False
2025-09-05 15:29:51,475 WARNING DIS: missing files: f_feat.exists()=False, f_mkt.exists()=False
2025-09-05 15:29:51,476 INFO No entry signals across universe.
2025-09-05 15:29:51,476 INFO Entrypoint complete.
